<?xml version="1.0" encoding="UTF-8"?>
<!-- Generated by org.testng.reporters.JUnitReportReporter -->
<testsuite skipped="0" hostname="DESKTOP-3N4AT60" name="test.sample.newproject.FirstMavenExample" tests="1" failures="0" timestamp="26 Jun 2020 04:09:45 GMT" time="9.969" errors="0">
  <testcase name="setUp" time="9.969" classname="test.sample.newproject.FirstMavenExample"/>
</testsuite> <!-- test.sample.newproject.FirstMavenExample -->
