<?xml version="1.0" encoding="UTF-8"?>
<!-- Generated by org.testng.reporters.JUnitReportReporter -->
<testsuite skipped="0" hostname="DESKTOP-3N4AT60" name="test.sample.newproject.FirstMavenExampleTest" tests="1" failures="0" timestamp="26 Jun 2020 04:17:43 GMT" time="11.088" errors="0">
  <testcase name="setUp" time="11.088" classname="test.sample.newproject.FirstMavenExampleTest"/>
</testsuite> <!-- test.sample.newproject.FirstMavenExampleTest -->
