<?xml version="1.0" encoding="UTF-8"?>
<!-- Generated by org.testng.reporters.JUnitReportReporter -->
<testsuite skipped="0" hostname="DESKTOP-3N4AT60" name="test.sample.newproject.NewTest" tests="1" failures="0" timestamp="26 Jun 2020 04:13:36 GMT" time="12.525" errors="0">
  <testcase name="f" time="12.525" classname="test.sample.newproject.NewTest"/>
</testsuite> <!-- test.sample.newproject.NewTest -->
